[0.976s] DEBUG:colcon:Command line arguments: ['/usr/bin/colcon', 'build', '--symlink-install']
[0.976s] DEBUG:colcon:Parsed command line arguments: Namespace(log_base=None, log_level=None, verb_name='build', build_base='build', install_base='install', merge_install=False, symlink_install=True, test_result_base=None, continue_on_error=False, executor='parallel', parallel_workers=16, event_handlers=None, ignore_user_meta=False, metas=['./colcon.meta'], base_paths=['.'], packages_ignore=None, packages_ignore_regex=None, paths=None, packages_up_to=None, packages_up_to_regex=None, packages_above=None, packages_above_and_dependencies=None, packages_above_depth=None, packages_select_by_dep=None, packages_skip_by_dep=None, packages_skip_up_to=None, packages_select_build_failed=False, packages_skip_build_finished=False, packages_select_test_failures=False, packages_skip_test_passed=False, packages_select=None, packages_skip=None, packages_select_regex=None, packages_skip_regex=None, packages_start=None, packages_end=None, allow_overriding=[], cmake_args=None, cmake_target=None, cmake_target_skip_unavailable=False, cmake_clean_cache=False, cmake_clean_first=False, cmake_force_configure=False, ament_cmake_args=None, catkin_cmake_args=None, catkin_skip_building_tests=False, verb_parser=<colcon_defaults.argument_parser.defaults.DefaultArgumentsDecorator object at 0x7f4db02fab90>, verb_extension=<colcon_core.verb.build.BuildVerb object at 0x7f4db02f8f40>, main=<bound method BuildVerb.main of <colcon_core.verb.build.BuildVerb object at 0x7f4db02f8f40>>)
[1.020s] Level 1:colcon.colcon_core.package_discovery:discover_packages(colcon_meta) check parameters
[1.020s] Level 1:colcon.colcon_core.package_discovery:discover_packages(recursive) check parameters
[1.020s] Level 1:colcon.colcon_core.package_discovery:discover_packages(ignore) check parameters
[1.020s] Level 1:colcon.colcon_core.package_discovery:discover_packages(path) check parameters
[1.020s] Level 1:colcon.colcon_core.package_discovery:discover_packages(colcon_meta) discover
[1.020s] Level 1:colcon.colcon_core.package_discovery:discover_packages(recursive) discover
[1.020s] INFO:colcon.colcon_core.package_discovery:Crawling recursively for packages in '/home/aayush/Thesis_implementation/src'
[1.020s] Level 1:colcon.colcon_core.package_identification:_identify(.) by extensions ['ignore', 'ignore_ament_install']
[1.020s] Level 1:colcon.colcon_core.package_identification:_identify(.) by extension 'ignore'
[1.020s] Level 1:colcon.colcon_core.package_identification:_identify(.) by extension 'ignore_ament_install'
[1.021s] Level 1:colcon.colcon_core.package_identification:_identify(.) by extensions ['colcon_pkg']
[1.021s] Level 1:colcon.colcon_core.package_identification:_identify(.) by extension 'colcon_pkg'
[1.021s] Level 1:colcon.colcon_core.package_identification:_identify(.) by extensions ['colcon_meta']
[1.021s] Level 1:colcon.colcon_core.package_identification:_identify(.) by extension 'colcon_meta'
[1.021s] Level 1:colcon.colcon_core.package_identification:_identify(.) by extensions ['ros']
[1.021s] Level 1:colcon.colcon_core.package_identification:_identify(.) by extension 'ros'
[1.029s] Level 1:colcon.colcon_core.package_identification:_identify(.) by extensions ['cmake', 'python']
[1.029s] Level 1:colcon.colcon_core.package_identification:_identify(.) by extension 'cmake'
[1.029s] Level 1:colcon.colcon_core.package_identification:_identify(.) by extension 'python'
[1.029s] Level 1:colcon.colcon_core.package_identification:_identify(.) by extensions ['python_setup_py']
[1.029s] Level 1:colcon.colcon_core.package_identification:_identify(.) by extension 'python_setup_py'
[1.029s] Level 1:colcon.colcon_core.package_identification:_identify(build) by extensions ['ignore', 'ignore_ament_install']
[1.030s] Level 1:colcon.colcon_core.package_identification:_identify(build) by extension 'ignore'
[1.030s] Level 1:colcon.colcon_core.package_identification:_identify(build) ignored
[1.030s] Level 1:colcon.colcon_core.package_identification:_identify(install) by extensions ['ignore', 'ignore_ament_install']
[1.030s] Level 1:colcon.colcon_core.package_identification:_identify(install) by extension 'ignore'
[1.030s] Level 1:colcon.colcon_core.package_identification:_identify(install) ignored
[1.030s] Level 1:colcon.colcon_core.package_identification:_identify(log) by extensions ['ignore', 'ignore_ament_install']
[1.030s] Level 1:colcon.colcon_core.package_identification:_identify(log) by extension 'ignore'
[1.030s] Level 1:colcon.colcon_core.package_identification:_identify(log) ignored
[1.030s] Level 1:colcon.colcon_core.package_identification:_identify(swimming_robot) by extensions ['ignore', 'ignore_ament_install']
[1.030s] Level 1:colcon.colcon_core.package_identification:_identify(swimming_robot) by extension 'ignore'
[1.030s] Level 1:colcon.colcon_core.package_identification:_identify(swimming_robot) by extension 'ignore_ament_install'
[1.030s] Level 1:colcon.colcon_core.package_identification:_identify(swimming_robot) by extensions ['colcon_pkg']
[1.030s] Level 1:colcon.colcon_core.package_identification:_identify(swimming_robot) by extension 'colcon_pkg'
[1.030s] Level 1:colcon.colcon_core.package_identification:_identify(swimming_robot) by extensions ['colcon_meta']
[1.030s] Level 1:colcon.colcon_core.package_identification:_identify(swimming_robot) by extension 'colcon_meta'
[1.030s] Level 1:colcon.colcon_core.package_identification:_identify(swimming_robot) by extensions ['ros']
[1.030s] Level 1:colcon.colcon_core.package_identification:_identify(swimming_robot) by extension 'ros'
[1.032s] DEBUG:colcon.colcon_core.package_identification:Package 'swimming_robot' with type 'ros.ament_python' and name 'swimming_robot'
[1.032s] Level 1:colcon.colcon_core.package_discovery:discover_packages(recursive) using defaults
[1.033s] Level 1:colcon.colcon_core.package_discovery:discover_packages(ignore) discover
[1.033s] Level 1:colcon.colcon_core.package_discovery:discover_packages(ignore) using defaults
[1.033s] Level 1:colcon.colcon_core.package_discovery:discover_packages(path) discover
[1.033s] Level 1:colcon.colcon_core.package_discovery:discover_packages(path) using defaults
[1.128s] Level 1:colcon.colcon_core.package_discovery:discover_packages(prefix_path) check parameters
[1.128s] Level 1:colcon.colcon_core.package_discovery:discover_packages(prefix_path) discover
[1.157s] DEBUG:colcon.colcon_installed_package_information.package_discovery:Found 1 installed packages in /home/aayush/Thesis_implementation/install
[1.173s] DEBUG:colcon.colcon_installed_package_information.package_discovery:Found 294 installed packages in /opt/ros/humble
[1.174s] Level 1:colcon.colcon_core.package_discovery:discover_packages(prefix_path) using defaults
[1.256s] Level 5:colcon.colcon_core.verb:set package 'swimming_robot' build argument 'cmake_args' from command line to 'None'
[1.256s] Level 5:colcon.colcon_core.verb:set package 'swimming_robot' build argument 'cmake_target' from command line to 'None'
[1.256s] Level 5:colcon.colcon_core.verb:set package 'swimming_robot' build argument 'cmake_target_skip_unavailable' from command line to 'False'
[1.256s] Level 5:colcon.colcon_core.verb:set package 'swimming_robot' build argument 'cmake_clean_cache' from command line to 'False'
[1.256s] Level 5:colcon.colcon_core.verb:set package 'swimming_robot' build argument 'cmake_clean_first' from command line to 'False'
[1.256s] Level 5:colcon.colcon_core.verb:set package 'swimming_robot' build argument 'cmake_force_configure' from command line to 'False'
[1.256s] Level 5:colcon.colcon_core.verb:set package 'swimming_robot' build argument 'ament_cmake_args' from command line to 'None'
[1.256s] Level 5:colcon.colcon_core.verb:set package 'swimming_robot' build argument 'catkin_cmake_args' from command line to 'None'
[1.256s] Level 5:colcon.colcon_core.verb:set package 'swimming_robot' build argument 'catkin_skip_building_tests' from command line to 'False'
[1.256s] DEBUG:colcon.colcon_core.verb:Building package 'swimming_robot' with the following arguments: {'ament_cmake_args': None, 'build_base': '/home/aayush/Thesis_implementation/src/build/swimming_robot', 'catkin_cmake_args': None, 'catkin_skip_building_tests': False, 'cmake_args': None, 'cmake_clean_cache': False, 'cmake_clean_first': False, 'cmake_force_configure': False, 'cmake_target': None, 'cmake_target_skip_unavailable': False, 'install_base': '/home/aayush/Thesis_implementation/src/install/swimming_robot', 'merge_install': False, 'path': '/home/aayush/Thesis_implementation/src/swimming_robot', 'symlink_install': True, 'test_result_base': None}
[1.270s] INFO:colcon.colcon_core.executor:Executing jobs using 'parallel' executor
[1.285s] DEBUG:colcon.colcon_parallel_executor.executor.parallel:run_until_complete
[1.286s] INFO:colcon.colcon_ros.task.ament_python.build:Building ROS package in '/home/aayush/Thesis_implementation/src/swimming_robot' with build type 'ament_python'
[1.286s] Level 1:colcon.colcon_core.shell:create_environment_hook('swimming_robot', 'ament_prefix_path')
[1.302s] INFO:colcon.colcon_core.plugin_system:Skipping extension 'colcon_core.shell.bat': Not used on non-Windows systems
[1.302s] INFO:colcon.colcon_core.shell:Creating environment hook '/home/aayush/Thesis_implementation/src/install/swimming_robot/share/swimming_robot/hook/ament_prefix_path.ps1'
[1.302s] INFO:colcon.colcon_core.shell:Creating environment descriptor '/home/aayush/Thesis_implementation/src/install/swimming_robot/share/swimming_robot/hook/ament_prefix_path.dsv'
[1.303s] INFO:colcon.colcon_core.shell:Creating environment hook '/home/aayush/Thesis_implementation/src/install/swimming_robot/share/swimming_robot/hook/ament_prefix_path.sh'
[1.318s] INFO:colcon.colcon_core.shell:Skip shell extension 'powershell' for command environment: Not usable outside of PowerShell
[1.318s] DEBUG:colcon.colcon_core.shell:Skip shell extension 'dsv' for command environment
[1.606s] WARNING:colcon.colcon_ros.task.ament_python.build:Package 'swimming_robot' doesn't explicitly install a marker in the package index (colcon-ros currently does it implicitly but that fallback will be removed in the future)
[1.606s] INFO:colcon.colcon_core.task.python.build:Building Python package in '/home/aayush/Thesis_implementation/src/swimming_robot'
[1.621s] INFO:colcon.colcon_core.shell:Skip shell extension 'powershell' for command environment: Not usable outside of PowerShell
[1.621s] DEBUG:colcon.colcon_core.shell:Skip shell extension 'dsv' for command environment
[2.094s] DEBUG:colcon.colcon_core.event_handler.log_command:Invoking command in '/home/aayush/Thesis_implementation/src/build/swimming_robot': PYTHONPATH=/home/aayush/Thesis_implementation/src/build/swimming_robot/prefix_override:/home/aayush/Thesis_implementation/src/install/swimming_robot/lib/python3.10/site-packages:${PYTHONPATH} /usr/bin/python3 setup.py develop --editable --build-directory /home/aayush/Thesis_implementation/src/build/swimming_robot/build --no-deps install_data
[2.546s] Level 1:colcon.colcon_core.shell:create_environment_hook('swimming_robot', 'pythonpath_develop')
[2.546s] DEBUG:colcon.colcon_core.event_handler.log_command:Invoked command in '/home/aayush/Thesis_implementation/src/build/swimming_robot' returned '0': PYTHONPATH=/home/aayush/Thesis_implementation/src/build/swimming_robot/prefix_override:/home/aayush/Thesis_implementation/src/install/swimming_robot/lib/python3.10/site-packages:${PYTHONPATH} /usr/bin/python3 setup.py develop --editable --build-directory /home/aayush/Thesis_implementation/src/build/swimming_robot/build --no-deps install_data
[2.561s] INFO:colcon.colcon_core.shell:Creating environment hook '/home/aayush/Thesis_implementation/src/build/swimming_robot/share/swimming_robot/hook/pythonpath_develop.ps1'
[2.561s] INFO:colcon.colcon_core.shell:Creating environment descriptor '/home/aayush/Thesis_implementation/src/build/swimming_robot/share/swimming_robot/hook/pythonpath_develop.dsv'
[2.561s] INFO:colcon.colcon_core.shell:Creating environment hook '/home/aayush/Thesis_implementation/src/build/swimming_robot/share/swimming_robot/hook/pythonpath_develop.sh'
[2.578s] Level 1:colcon.colcon_core.environment:checking '/home/aayush/Thesis_implementation/src/install/swimming_robot' for CMake module files
[2.579s] Level 1:colcon.colcon_core.environment:checking '/home/aayush/Thesis_implementation/src/install/swimming_robot' for CMake config files
[2.579s] Level 1:colcon.colcon_core.environment:checking '/home/aayush/Thesis_implementation/src/install/swimming_robot/lib'
[2.579s] Level 1:colcon.colcon_core.environment:checking '/home/aayush/Thesis_implementation/src/install/swimming_robot/bin'
[2.579s] Level 1:colcon.colcon_core.environment:checking '/home/aayush/Thesis_implementation/src/install/swimming_robot/lib/pkgconfig/swimming_robot.pc'
[2.580s] Level 1:colcon.colcon_core.environment:checking '/home/aayush/Thesis_implementation/src/install/swimming_robot/lib/python3.10/site-packages'
[2.580s] Level 1:colcon.colcon_core.shell:create_environment_hook('swimming_robot', 'pythonpath')
[2.595s] INFO:colcon.colcon_core.shell:Creating environment hook '/home/aayush/Thesis_implementation/src/install/swimming_robot/share/swimming_robot/hook/pythonpath.ps1'
[2.595s] INFO:colcon.colcon_core.shell:Creating environment descriptor '/home/aayush/Thesis_implementation/src/install/swimming_robot/share/swimming_robot/hook/pythonpath.dsv'
[2.595s] INFO:colcon.colcon_core.shell:Creating environment hook '/home/aayush/Thesis_implementation/src/install/swimming_robot/share/swimming_robot/hook/pythonpath.sh'
[2.596s] Level 1:colcon.colcon_core.environment:checking '/home/aayush/Thesis_implementation/src/install/swimming_robot/bin'
[2.596s] Level 1:colcon.colcon_core.environment:create_environment_scripts_only(swimming_robot)
[2.611s] INFO:colcon.colcon_core.shell:Creating package script '/home/aayush/Thesis_implementation/src/install/swimming_robot/share/swimming_robot/package.ps1'
[2.612s] INFO:colcon.colcon_core.shell:Creating package descriptor '/home/aayush/Thesis_implementation/src/install/swimming_robot/share/swimming_robot/package.dsv'
[2.612s] INFO:colcon.colcon_core.shell:Creating package script '/home/aayush/Thesis_implementation/src/install/swimming_robot/share/swimming_robot/package.sh'
[2.613s] INFO:colcon.colcon_core.shell:Creating package script '/home/aayush/Thesis_implementation/src/install/swimming_robot/share/swimming_robot/package.bash'
[2.613s] INFO:colcon.colcon_core.shell:Creating package script '/home/aayush/Thesis_implementation/src/install/swimming_robot/share/swimming_robot/package.zsh'
[2.614s] Level 1:colcon.colcon_core.environment:create_file_with_runtime_dependencies(/home/aayush/Thesis_implementation/src/install/swimming_robot/share/colcon-core/packages/swimming_robot)
[2.614s] DEBUG:colcon.colcon_parallel_executor.executor.parallel:closing loop
[2.614s] DEBUG:colcon.colcon_parallel_executor.executor.parallel:loop closed
[2.614s] DEBUG:colcon.colcon_parallel_executor.executor.parallel:run_until_complete finished with '0'
[2.614s] DEBUG:colcon.colcon_core.event_reactor:joining thread
[2.636s] INFO:colcon.colcon_core.plugin_system:Skipping extension 'colcon_notification.desktop_notification.terminal_notifier': Not used on non-Darwin systems
[2.636s] INFO:colcon.colcon_core.plugin_system:Skipping extension 'colcon_notification.desktop_notification.win32': Not used on non-Windows systems
[2.636s] INFO:colcon.colcon_notification.desktop_notification:Sending desktop notification using 'notify2'
[2.646s] DEBUG:colcon.colcon_core.event_reactor:joined thread
[2.661s] INFO:colcon.colcon_core.shell:Creating prefix script '/home/aayush/Thesis_implementation/src/install/local_setup.ps1'
[2.662s] INFO:colcon.colcon_core.shell:Creating prefix util module '/home/aayush/Thesis_implementation/src/install/_local_setup_util_ps1.py'
[2.662s] INFO:colcon.colcon_core.shell:Creating prefix chain script '/home/aayush/Thesis_implementation/src/install/setup.ps1'
[2.678s] INFO:colcon.colcon_core.shell:Creating prefix script '/home/aayush/Thesis_implementation/src/install/local_setup.sh'
[2.679s] INFO:colcon.colcon_core.shell:Creating prefix util module '/home/aayush/Thesis_implementation/src/install/_local_setup_util_sh.py'
[2.679s] INFO:colcon.colcon_core.shell:Creating prefix chain script '/home/aayush/Thesis_implementation/src/install/setup.sh'
[2.697s] INFO:colcon.colcon_core.shell:Creating prefix script '/home/aayush/Thesis_implementation/src/install/local_setup.bash'
[2.698s] INFO:colcon.colcon_core.shell:Creating prefix chain script '/home/aayush/Thesis_implementation/src/install/setup.bash'
[2.717s] INFO:colcon.colcon_core.shell:Creating prefix script '/home/aayush/Thesis_implementation/src/install/local_setup.zsh'
[2.718s] INFO:colcon.colcon_core.shell:Creating prefix chain script '/home/aayush/Thesis_implementation/src/install/setup.zsh'
