[0.744s] Invoking command in '/home/aayush/Thesis_implementation/src/build/swimming_robot': PYTHONPATH=/home/aayush/Thesis_implementation/src/build/swimming_robot/prefix_override:/home/aayush/Thesis_implementation/src/install/swimming_robot/lib/python3.10/site-packages:${PYTHONPATH} /usr/bin/python3 setup.py develop --editable --build-directory /home/aayush/Thesis_implementation/src/build/swimming_robot/build --no-deps install_data
[0.967s] running develop
[1.118s] running egg_info
[1.118s] writing swimming_robot.egg-info/PKG-INFO
[1.118s] writing dependency_links to swimming_robot.egg-info/dependency_links.txt
[1.118s] writing entry points to swimming_robot.egg-info/entry_points.txt
[1.118s] writing requirements to swimming_robot.egg-info/requires.txt
[1.118s] writing top-level names to swimming_robot.egg-info/top_level.txt
[1.119s] reading manifest file 'swimming_robot.egg-info/SOURCES.txt'
[1.120s] writing manifest file 'swimming_robot.egg-info/SOURCES.txt'
[1.121s] running build_ext
[1.121s] Creating /home/aayush/Thesis_implementation/src/install/swimming_robot/lib/python3.10/site-packages/swimming-robot.egg-link (link to .)
[1.122s] Installing pipeline_spawner_node script to /home/aayush/Thesis_implementation/src/install/swimming_robot/lib/swimming_robot
[1.122s] 
[1.122s] Installed /home/aayush/Thesis_implementation/src/build/swimming_robot
[1.122s] running install_data
[1.122s] copying launch/gazebo_launch.py -> /home/aayush/Thesis_implementation/src/install/swimming_robot/share/swimming_robot/launch
[1.122s] copying world/urdf/robot.sdf -> /home/aayush/Thesis_implementation/src/install/swimming_robot/share/swimming_robot/world
[1.123s] error: can't copy 'world/urdf/swimming robot_assembly_SLDPRT.urdf': doesn't exist or not a regular file
[1.148s] Invoked command in '/home/aayush/Thesis_implementation/src/build/swimming_robot' returned '1': PYTHONPATH=/home/aayush/Thesis_implementation/src/build/swimming_robot/prefix_override:/home/aayush/Thesis_implementation/src/install/swimming_robot/lib/python3.10/site-packages:${PYTHONPATH} /usr/bin/python3 setup.py develop --editable --build-directory /home/aayush/Thesis_implementation/src/build/swimming_robot/build --no-deps install_data
