running develop
running egg_info
creating swimming_robot.egg-info
writing swimming_robot.egg-info/PKG-INFO
writing dependency_links to swimming_robot.egg-info/dependency_links.txt
writing entry points to swimming_robot.egg-info/entry_points.txt
writing requirements to swimming_robot.egg-info/requires.txt
writing top-level names to swimming_robot.egg-info/top_level.txt
writing manifest file 'swimming_robot.egg-info/SOURCES.txt'
reading manifest file 'swimming_robot.egg-info/SOURCES.txt'
writing manifest file 'swimming_robot.egg-info/SOURCES.txt'
running build_ext
Creating /home/aayush/Thesis_implementation/src/install/swimming_robot/lib/python3.10/site-packages/swimming-robot.egg-link (link to .)
Installing pipeline_spawner_node script to /home/aayush/Thesis_implementation/src/install/swimming_robot/lib/swimming_robot

Installed /home/aayush/Thesis_implementation/src/build/swimming_robot
running install_data
creating /home/aayush/Thesis_implementation/src/install/swimming_robot/share/swimming_robot/launch
copying launch/display_launch.py -> /home/aayush/Thesis_implementation/src/install/swimming_robot/share/swimming_robot/launch
copying launch/gazebo_launch.py -> /home/aayush/Thesis_implementation/src/install/swimming_robot/share/swimming_robot/launch
creating /home/aayush/Thesis_implementation/src/install/swimming_robot/share/swimming_robot/resources
copying resources/joint_names_Final_assembly_for gazebo.yaml -> /home/aayush/Thesis_implementation/src/install/swimming_robot/share/swimming_robot/resources
copying package.xml -> /home/aayush/Thesis_implementation/src/install/swimming_robot/share/swimming_robot
creating /home/aayush/Thesis_implementation/src/install/swimming_robot/share/swimming_robot/world
copying world/urdf/Final_assembly_for_gazebo.urdf -> /home/aayush/Thesis_implementation/src/install/swimming_robot/share/swimming_robot/world
copying world/urdf/Pipeline.sdf -> /home/aayush/Thesis_implementation/src/install/swimming_robot/share/swimming_robot/world
copying world/urdf/model.config -> /home/aayush/Thesis_implementation/src/install/swimming_robot/share/swimming_robot/world
copying world/world.model -> /home/aayush/Thesis_implementation/src/install/swimming_robot/share/swimming_robot/world
